<?xml version="1.0" encoding="UTF-8"?>
<!-- Generated by org.testng.reporters.JUnitXMLReporter -->
<testsuite ignored="2" hostname="DESKTOP-L8VPHJS" failures="0" tests="1" name="Default test(failed)" time="5.312" errors="0" timestamp="2026-02-12T09:05:35 IST">
  <testcase classname="testScripts.ChkBoxRadioDropTest" name="chkBoxTest" time="0.238"/>
  <testcase classname="testScripts.ChkBoxRadioDropTest" name="radioBtnTest" time="0.0">
    <ignored/>
  </testcase> <!-- radioBtnTest -->
  <testcase classname="testScripts.ChkBoxRadioDropTest" name="dropdownTest" time="0.0">
    <ignored/>
  </testcase> <!-- dropdownTest -->
</testsuite> <!-- Default test(failed) -->
