<?xml version="1.0" encoding="UTF-8"?>
<!-- Generated by org.testng.reporters.JUnitXMLReporter -->
<testsuite ignored="1" hostname="DESKTOP-L8VPHJS" failures="0" tests="1" name="Default test" time="3.215" errors="0" timestamp="2026-03-02T09:59:49 IST">
  <testcase classname="apiTesting.GetTagListTest" name="getPetList" time="3.168"/>
  <testcase classname="apiTesting.GetTagListTest" name="listTag" time="0.0">
    <ignored/>
  </testcase> <!-- listTag -->
</testsuite> <!-- Default test -->
