<?xml version="1.0" encoding="UTF-8"?>
<!-- Generated by org.testng.reporters.JUnitXMLReporter -->
<testsuite ignored="5" hostname="DESKTOP-L8VPHJS" failures="0" tests="2" name="ModuleOneTest" time="15.091" errors="0" timestamp="2026-02-17T10:56:14 IST">
  <testcase classname="testScripts.AlertTest" name="popupWindowHandle" time="9.807"/>
  <testcase classname="testScripts.WebTableTest" name="getAllValues" time="5.211"/>
  <testcase classname="testScripts.FileHandlingTest" name="downloadTest" time="0.0">
    <ignored/>
  </testcase> <!-- downloadTest -->
  <testcase classname="testScripts.AutoCompleteTest" name="autoCompleteTest" time="0.0">
    <ignored/>
  </testcase> <!-- autoCompleteTest -->
  <testcase classname="testScripts.AlertTest" name="variousAlerts" time="0.0">
    <ignored/>
  </testcase> <!-- variousAlerts -->
  <testcase classname="testScripts.FileHandlingTest" name="shadowDOMTest" time="0.0">
    <ignored/>
  </testcase> <!-- shadowDOMTest -->
  <testcase classname="testScripts.FileHandlingTest" name="fileUploadTest" time="0.0">
    <ignored/>
  </testcase> <!-- fileUploadTest -->
</testsuite> <!-- ModuleOneTest -->
