<?xml version="1.0" encoding="UTF-8"?>
<!-- Generated by org.testng.reporters.JUnitXMLReporter -->
<testsuite ignored="0" hostname="DESKTOP-L8VPHJS" failures="0" tests="3" name="ModuleOneTest" time="13.639" errors="0" timestamp="2026-02-17T12:14:56 IST">
  <testcase classname="parallelScripts.SampleOneTest" name="testOne" time="2.662"/>
  <testcase classname="parallelScripts.SampleOneTest" name="testThree" time="4.424"/>
  <testcase classname="parallelScripts.SampleOneTest" name="testTwo" time="6.471"/>
</testsuite> <!-- ModuleOneTest -->
