<?xml version="1.0" encoding="UTF-8"?>
<testng-results ignored="0" total="1" passed="1" failed="0" skipped="0">
  <reporter-output>
  </reporter-output>
  <suite started-at="2026-03-05T11:31:49 IST" name="SampleSuite" finished-at="2026-03-05T11:31:52 IST" duration-ms="2230">
    <groups>
    </groups>
    <test started-at="2026-03-05T11:31:49 IST" name="ModuleOneTest" finished-at="2026-03-05T11:31:52 IST" duration-ms="2230">
      <class name="testScripts.AutoCompleteTest">
        <test-method signature="autoCompleteTest()[pri:0, instance:testScripts.AutoCompleteTest@1d2adfbe]" started-at="2026-03-05T11:31:49 IST" name="autoCompleteTest" finished-at="2026-03-05T11:31:52 IST" duration-ms="2192" status="PASS">
          <reporter-output>
          </reporter-output>
        </test-method> <!-- autoCompleteTest -->
      </class> <!-- testScripts.AutoCompleteTest -->
    </test> <!-- ModuleOneTest -->
  </suite> <!-- SampleSuite -->
</testng-results>
