<?xml version="1.0" encoding="UTF-8"?>
<testng-results ignored="0" total="1" passed="1" failed="0" skipped="0">
  <reporter-output>
  </reporter-output>
  <suite started-at="2026-03-05T10:47:33 IST" name="SampleSuite" finished-at="2026-03-05T10:47:36 IST" duration-ms="2590">
    <groups>
    </groups>
    <test started-at="2026-03-05T10:47:33 IST" name="ModuleOneTest" finished-at="2026-03-05T10:47:36 IST" duration-ms="2590">
      <class name="testScripts.AutoCompleteTest">
        <test-method signature="autoCompleteTest()[pri:0, instance:testScripts.AutoCompleteTest@245b4bdc]" started-at="2026-03-05T10:47:33 IST" name="autoCompleteTest" finished-at="2026-03-05T10:47:36 IST" duration-ms="2530" status="PASS">
          <reporter-output>
          </reporter-output>
        </test-method> <!-- autoCompleteTest -->
      </class> <!-- testScripts.AutoCompleteTest -->
    </test> <!-- ModuleOneTest -->
  </suite> <!-- SampleSuite -->
</testng-results>
