<?xml version="1.0" encoding="UTF-8"?>
<!-- Generated by org.testng.reporters.JUnitReportReporter -->
<testsuite hostname="DESKTOP-L8VPHJS" failures="0" tests="4" name="parallelScripts.SampleTwoTest" time="20.760" errors="0" timestamp="2026-02-17T12:15:04 IST" skipped="0">
  <testcase classname="parallelScripts.SampleTwoTest" name="testOne" time="4.483"/>
  <testcase classname="parallelScripts.SampleTwoTest" name="testFour" time="2.674"/>
  <testcase classname="parallelScripts.SampleTwoTest" name="testThree" time="6.994"/>
  <testcase classname="parallelScripts.SampleTwoTest" name="testTwo" time="6.609"/>
</testsuite> <!-- parallelScripts.SampleTwoTest -->
