<?xml version="1.0" encoding="UTF-8"?>
<!-- Generated by org.testng.reporters.JUnitReportReporter -->
<testsuite hostname="DESKTOP-L8VPHJS" failures="0" tests="3" name="parallelScripts.SampleOneTest" time="13.557" errors="0" timestamp="2026-02-17T12:15:04 IST" skipped="0">
  <testcase classname="parallelScripts.SampleOneTest" name="testThree" time="4.424"/>
  <testcase classname="parallelScripts.SampleOneTest" name="testOne" time="2.662"/>
  <testcase classname="parallelScripts.SampleOneTest" name="testTwo" time="6.471"/>
</testsuite> <!-- parallelScripts.SampleOneTest -->
