<?xml version="1.0" encoding="UTF-8"?>
<!-- Generated by org.testng.reporters.JUnitReportReporter -->
<testsuite hostname="DESKTOP-L8VPHJS" failures="0" tests="3" name="testScripts.LoginTest" time="8.213" errors="0" timestamp="2026-02-18T11:34:39 IST" skipped="0">
  <testcase classname="testScripts.LoginTest" name="validLoginTest" time="4.323"/>
  <testcase classname="testScripts.LoginTest" name="validLoginTest" time="1.928"/>
  <testcase classname="testScripts.LoginTest" name="validLoginTest" time="1.962"/>
</testsuite> <!-- testScripts.LoginTest -->
